<?xml version="1.0" encoding="UTF-8"?>
<testng-results skipped="0" failed="0" ignored="0" total="1" passed="1">
  <reporter-output>
  </reporter-output>
  <suite name="Default suite" duration-ms="5911" started-at="2020-07-24T13:13:57 CDT" finished-at="2020-07-24T13:14:03 CDT">
    <groups>
    </groups>
    <test name="Default test" duration-ms="5911" started-at="2020-07-24T13:13:57 CDT" finished-at="2020-07-24T13:14:03 CDT">
      <class name="Test.DropDrag">
        <test-method status="PASS" signature="draganddrop()[pri:0, instance:Test.DropDrag@7fac631b]" name="draganddrop" duration-ms="5869" started-at="2020-07-24T13:13:57 CDT" finished-at="2020-07-24T13:14:03 CDT">
          <reporter-output>
          </reporter-output>
        </test-method> <!-- draganddrop -->
      </class> <!-- Test.DropDrag -->
    </test> <!-- Default test -->
  </suite> <!-- Default suite -->
</testng-results>
